  main.cpp
E:\Study\test\TTKP\天天酷跑C\天天酷跑C\main.cpp(109,26): warning C4244: “=”: 从“double”转换到“int”，可能丢失数据
E:\Study\test\TTKP\天天酷跑C\天天酷跑C\main.cpp(96,3): warning C4996: 'sprintf': This function or variable may be unsafe. Consider using sprintf_s instead. To disable deprecation, use _CRT_SECURE_NO_WARNINGS. See online help for details.
E:\Study\test\TTKP\天天酷跑C\天天酷跑C\main.cpp(106,3): warning C4996: 'sprintf': This function or variable may be unsafe. Consider using sprintf_s instead. To disable deprecation, use _CRT_SECURE_NO_WARNINGS. See online help for details.
E:\Study\test\TTKP\天天酷跑C\天天酷跑C\main.cpp(133,3): warning C4996: 'sprintf': This function or variable may be unsafe. Consider using sprintf_s instead. To disable deprecation, use _CRT_SECURE_NO_WARNINGS. See online help for details.
E:\Study\test\TTKP\天天酷跑C\天天酷跑C\main.cpp(154,3): warning C4996: 'sprintf': This function or variable may be unsafe. Consider using sprintf_s instead. To disable deprecation, use _CRT_SECURE_NO_WARNINGS. See online help for details.
E:\Study\test\TTKP\天天酷跑C\天天酷跑C\main.cpp(172,3): warning C4996: 'sprintf': This function or variable may be unsafe. Consider using sprintf_s instead. To disable deprecation, use _CRT_SECURE_NO_WARNINGS. See online help for details.
E:\Study\test\TTKP\天天酷跑C\天天酷跑C\main.cpp(403,65): warning C4244: “参数”: 从“double”转换到“float”，可能丢失数据
E:\Study\test\TTKP\天天酷跑C\天天酷跑C\main.cpp(439,2): warning C4996: 'sprintf': This function or variable may be unsafe. Consider using sprintf_s instead. To disable deprecation, use _CRT_SECURE_NO_WARNINGS. See online help for details.
  tools.cpp
E:\Study\test\TTKP\天天酷跑C\天天酷跑C\tools.cpp(17,17): warning C4244: “初始化”: 从“unsigned __int64”转换到“int”，可能丢失数据
E:\Study\test\TTKP\天天酷跑C\天天酷跑C\tools.cpp(175,97): warning C4244: “参数”: 从“double”转换到“int”，可能丢失数据
E:\Study\test\TTKP\天天酷跑C\天天酷跑C\tools.cpp(175,67): warning C4244: “参数”: 从“float”转换到“int”，可能丢失数据
E:\Study\test\TTKP\天天酷跑C\天天酷跑C\tools.cpp(175,46): warning C4244: “参数”: 从“double”转换到“int”，可能丢失数据
E:\Study\test\TTKP\天天酷跑C\天天酷跑C\tools.cpp(175,25): warning C4244: “参数”: 从“double”转换到“int”，可能丢失数据
  正在生成代码
  Previous IPDB not found, fall back to full compilation.
  All 173 functions were compiled because no usable IPDB/IOBJ from previous compilation was found.
  已完成代码的生成
  天天酷跑C.vcxproj -> E:\Study\test\TTKP\天天酷跑C\Release\天天酷跑C.exe
